<?xml version="1.0" encoding="UTF-8"?>
<!-- Generated by org.testng.reporters.JUnitReportReporter -->
<testsuite hostname="LTIN719773" failures="0" tests="24" name="com.cts.mfrp.skillbarter.tests.transactions.TransactionTests" time="4.827" errors="1" timestamp="2026-05-18T14:02:45 IST" skipped="23">
  <testcase classname="com.cts.mfrp.skillbarter.tests.transactions.TransactionTests" name="seed" time="4.827">
    <error message="Bootstrap failed to seed: authToken registeredUserId sessionId transactionId. Check [Bootstrap] log lines above for the failing step." type="java.lang.IllegalStateException">
      <![CDATA[java.lang.IllegalStateException: Bootstrap failed to seed: authToken registeredUserId sessionId transactionId. Check [Bootstrap] log lines above for the failing step.
at com.cts.mfrp.skillbarter.tests.transactions.TransactionTests.seed(TransactionTests.java:75)
at java.base/jdk.internal.reflect.DirectMethodHandleAccessor.invoke(DirectMethodHandleAccessor.java:103)
at java.base/java.lang.reflect.Method.invoke(Method.java:580)
at org.testng.internal.invokers.MethodInvocationHelper.invokeMethod(MethodInvocationHelper.java:139)
at org.testng.internal.invokers.MethodInvocationHelper.invokeMethodConsideringTimeout(MethodInvocationHelper.java:69)
at org.testng.internal.invokers.ConfigInvoker.invokeConfigurationMethod(ConfigInvoker.java:393)
at org.testng.internal.invokers.ConfigInvoker.invokeConfigurations(ConfigInvoker.java:326)
at org.testng.internal.invokers.TestMethodWorker.invokeBeforeClassMethods(TestMethodWorker.java:180)
at org.testng.internal.invokers.TestMethodWorker.run(TestMethodWorker.java:122)
at java.base/java.util.ArrayList.forEach(ArrayList.java:1596)
at org.testng.TestRunner.privateRun(TestRunner.java:819)
at org.testng.TestRunner.run(TestRunner.java:619)
at org.testng.SuiteRunner.runTest(SuiteRunner.java:443)
at org.testng.SuiteRunner.runSequentially(SuiteRunner.java:437)
at org.testng.SuiteRunner.privateRun(SuiteRunner.java:397)
at org.testng.SuiteRunner.run(SuiteRunner.java:336)
at org.testng.SuiteRunnerWorker.runSuite(SuiteRunnerWorker.java:52)
at org.testng.SuiteRunnerWorker.run(SuiteRunnerWorker.java:95)
at org.testng.TestNG.runSuitesSequentially(TestNG.java:1301)
at org.testng.TestNG.runSuitesLocally(TestNG.java:1228)
at org.testng.TestNG.runSuites(TestNG.java:1134)
at org.testng.TestNG.run(TestNG.java:1101)
at org.apache.maven.surefire.testng.TestNGExecutor.run(TestNGExecutor.java:155)
at org.apache.maven.surefire.testng.TestNGDirectoryTestSuite.executeSingleClass(TestNGDirectoryTestSuite.java:102)
at org.apache.maven.surefire.testng.TestNGDirectoryTestSuite.execute(TestNGDirectoryTestSuite.java:91)
at org.apache.maven.surefire.testng.TestNGProvider.invoke(TestNGProvider.java:137)
at org.apache.maven.surefire.booter.ForkedBooter.runSuitesInProcess(ForkedBooter.java:385)
at org.apache.maven.surefire.booter.ForkedBooter.execute(ForkedBooter.java:162)
at org.apache.maven.surefire.booter.ForkedBooter.run(ForkedBooter.java:507)
at org.apache.maven.surefire.booter.ForkedBooter.main(ForkedBooter.java:495)
]]>
    </error>
  </testcase> <!-- seed -->
  <testcase classname="com.cts.mfrp.skillbarter.tests.transactions.TransactionTests" name="createTransaction_validPayload_returns201" time="0.000">
    <skipped/>
  </testcase> <!-- createTransaction_validPayload_returns201 -->
  <testcase classname="com.cts.mfrp.skillbarter.tests.transactions.TransactionTests" name="createTransaction_missingAmount_returns400" time="0.000">
    <skipped/>
  </testcase> <!-- createTransaction_missingAmount_returns400 -->
  <testcase classname="com.cts.mfrp.skillbarter.tests.transactions.TransactionTests" name="createTransaction_invalidPaymentMethod_returns400" time="0.000">
    <skipped/>
  </testcase> <!-- createTransaction_invalidPaymentMethod_returns400 -->
  <testcase classname="com.cts.mfrp.skillbarter.tests.transactions.TransactionTests" name="createTransaction_noAuth_returns401" time="0.000">
    <skipped/>
  </testcase> <!-- createTransaction_noAuth_returns401 -->
  <testcase classname="com.cts.mfrp.skillbarter.tests.transactions.TransactionTests" name="getTransactionById_existingId_returns200" time="0.000">
    <skipped/>
  </testcase> <!-- getTransactionById_existingId_returns200 -->
  <testcase classname="com.cts.mfrp.skillbarter.tests.transactions.TransactionTests" name="getTransactionById_nonExistentId_returns404" time="0.000">
    <skipped/>
  </testcase> <!-- getTransactionById_nonExistentId_returns404 -->
  <testcase classname="com.cts.mfrp.skillbarter.tests.transactions.TransactionTests" name="getTransactionsByUser_validUser_returnsList" time="0.000">
    <skipped/>
  </testcase> <!-- getTransactionsByUser_validUser_returnsList -->
  <testcase classname="com.cts.mfrp.skillbarter.tests.transactions.TransactionTests" name="getTransactionsByUser_noTransactions_returnsEmptyList" time="0.000">
    <skipped/>
  </testcase> <!-- getTransactionsByUser_noTransactions_returnsEmptyList -->
  <testcase classname="com.cts.mfrp.skillbarter.tests.transactions.TransactionTests" name="getTransactionsBySession_validSession_returnsList" time="0.000">
    <skipped/>
  </testcase> <!-- getTransactionsBySession_validSession_returnsList -->
  <testcase classname="com.cts.mfrp.skillbarter.tests.transactions.TransactionTests" name="filterByStatus_success_returnsSuccessTransactions" time="0.000">
    <skipped/>
  </testcase> <!-- filterByStatus_success_returnsSuccessTransactions -->
  <testcase classname="com.cts.mfrp.skillbarter.tests.transactions.TransactionTests" name="filterByStatus_pending_returnsPendingTransactions" time="0.000">
    <skipped/>
  </testcase> <!-- filterByStatus_pending_returnsPendingTransactions -->
  <testcase classname="com.cts.mfrp.skillbarter.tests.transactions.TransactionTests" name="filterByStatus_failure_returnsFailedTransactions" time="0.000">
    <skipped/>
  </testcase> <!-- filterByStatus_failure_returnsFailedTransactions -->
  <testcase classname="com.cts.mfrp.skillbarter.tests.transactions.TransactionTests" name="filterByStatus_invalidValue_returns400" time="0.000">
    <skipped/>
  </testcase> <!-- filterByStatus_invalidValue_returns400 -->
  <testcase classname="com.cts.mfrp.skillbarter.tests.transactions.TransactionTests" name="filterUserTransactionsByStatus_validParams_returnsList" time="0.000">
    <skipped/>
  </testcase> <!-- filterUserTransactionsByStatus_validParams_returnsList -->
  <testcase classname="com.cts.mfrp.skillbarter.tests.transactions.TransactionTests" name="filterByMethod_upi_returnsUpiTransactions" time="0.000">
    <skipped/>
  </testcase> <!-- filterByMethod_upi_returnsUpiTransactions -->
  <testcase classname="com.cts.mfrp.skillbarter.tests.transactions.TransactionTests" name="filterByMethod_card_returnsCardTransactions" time="0.000">
    <skipped/>
  </testcase> <!-- filterByMethod_card_returnsCardTransactions -->
  <testcase classname="com.cts.mfrp.skillbarter.tests.transactions.TransactionTests" name="filterByMethod_invalidMethod_returns400" time="0.000">
    <skipped/>
  </testcase> <!-- filterByMethod_invalidMethod_returns400 -->
  <testcase classname="com.cts.mfrp.skillbarter.tests.transactions.TransactionTests" name="getTotalByUser_validUser_returnsSuccessfulTotal" time="0.000">
    <skipped/>
  </testcase> <!-- getTotalByUser_validUser_returnsSuccessfulTotal -->
  <testcase classname="com.cts.mfrp.skillbarter.tests.transactions.TransactionTests" name="getTotalByUser_noTransactions_returnsZero" time="0.000">
    <skipped/>
  </testcase> <!-- getTotalByUser_noTransactions_returnsZero -->
  <testcase classname="com.cts.mfrp.skillbarter.tests.transactions.TransactionTests" name="updateTransactionStatus_validStatus_returns200" time="0.000">
    <skipped/>
  </testcase> <!-- updateTransactionStatus_validStatus_returns200 -->
  <testcase classname="com.cts.mfrp.skillbarter.tests.transactions.TransactionTests" name="updateTransactionStatus_invalidValue_returns400" time="0.000">
    <skipped/>
  </testcase> <!-- updateTransactionStatus_invalidValue_returns400 -->
  <testcase classname="com.cts.mfrp.skillbarter.tests.transactions.TransactionTests" name="deleteTransaction_existingId_returns200Or204" time="0.000">
    <skipped/>
  </testcase> <!-- deleteTransaction_existingId_returns200Or204 -->
  <testcase classname="com.cts.mfrp.skillbarter.tests.transactions.TransactionTests" name="deleteTransaction_nonExistentId_returns404" time="0.000">
    <skipped/>
  </testcase> <!-- deleteTransaction_nonExistentId_returns404 -->
</testsuite> <!-- com.cts.mfrp.skillbarter.tests.transactions.TransactionTests -->
