<?xml version="1.0" encoding="UTF-8"?>
<!-- Generated by org.testng.reporters.JUnitReportReporter -->
<testsuite hostname="LTIN717592" failures="0" tests="2" name="com.cts.mfrp.skillbarter.tests.notifications.NotificationTests" time="5.855" errors="0" timestamp="2026-05-18T09:01:15 IST" skipped="1">
  <testcase classname="com.cts.mfrp.skillbarter.tests.notifications.NotificationTests" name="deleteNotification_nonExistentId_returns404" time="3.505">
    <skipped/>
  </testcase> <!-- deleteNotification_nonExistentId_returns404 -->
  <testcase classname="com.cts.mfrp.skillbarter.tests.notifications.NotificationTests" name="deleteNotification_nonExistentId_returns404" time="2.350"/>
</testsuite> <!-- com.cts.mfrp.skillbarter.tests.notifications.NotificationTests -->
