<?xml version="1.0" encoding="UTF-8"?>
<!-- Generated by org.testng.reporters.JUnitReportReporter -->
<testsuite hostname="LTIN719773" failures="0" tests="7" name="com.cts.mfrp.skillbarter.tests.HomePageTest" time="65.248" errors="0" timestamp="2026-05-15T09:35:45 IST" skipped="0">
  <testcase classname="com.cts.mfrp.skillbarter.tests.HomePageTest" name="tc001_verifyTopNavigationLinks" time="7.869"/>
  <testcase classname="com.cts.mfrp.skillbarter.tests.HomePageTest" name="tc002_verifyHeroSection" time="9.878"/>
  <testcase classname="com.cts.mfrp.skillbarter.tests.HomePageTest" name="tc003_verifyPreviewCards" time="8.709"/>
  <testcase classname="com.cts.mfrp.skillbarter.tests.HomePageTest" name="tc004_verifyFeatureHighlights" time="8.061"/>
  <testcase classname="com.cts.mfrp.skillbarter.tests.HomePageTest" name="tc005_verifyAboutAndCtaSections" time="11.921"/>
  <testcase classname="com.cts.mfrp.skillbarter.tests.HomePageTest" name="tc006_verifyChatbotAndDarkMode" time="11.393"/>
  <testcase classname="com.cts.mfrp.skillbarter.tests.HomePageTest" name="tc007_verifyFooterSection" time="7.417"/>
</testsuite> <!-- com.cts.mfrp.skillbarter.tests.HomePageTest -->
