<?xml version="1.0" encoding="UTF-8"?>
<testsuite xmlns:xsi="http://www.w3.org/2001/XMLSchema-instance" xsi:noNamespaceSchemaLocation="https://maven.apache.org/surefire/maven-surefire-plugin/xsd/surefire-test-report-3.0.xsd" version="3.0" name="com.cts.mfrp.skillbarter.tests.notifications.NotificationTests" time="27.371" tests="2" errors="0" skipped="1" failures="0">
  <properties>
[...]
</properties>
  <testcase name="deleteNotification_nonExistentId_returns404" classname="com.cts.mfrp.skillbarter.tests.notifications.NotificationTests" time="0.0">
    <skipped message="Expected 4xx/5xx for unknown id on DELETE. Got: 200 body: {&quot;success&quot;:true,&quot;message&quot;:&quot;Notification deleted successfully&quot;,&quot;data&quot;:null} expected [true] but found [false]"/>
    <system-out><![CDATA[[Bootstrap] REGISTER status=500 body={"timestamp":"2026-05-18T03:30:51.594+00:00","status":500,"error":"Internal Server Error","path":"/api/auth/register"}
[Bootstrap] LOGIN status=200
[Bootstrap] LOGIN body={"token":"eyJhbGciOiJIUzI1NiJ9.eyJzdWIiOiJ0ZXN0aW5nQGdtYWlsLmNvbSIsImlhdCI6MTc3OTA3NTA1MywiZXhwIjoxNzc5MTYxNDUzfQ.MeIvXXBD2iwhjUpj2YCfRGbfWr4KX0yWl36BPYXR6I4"}
[Bootstrap] Resolved userId=15 by searching /api/users
[Bootstrap] Extracted token=***present*** userId=15
Request method:	DELETE
Request URI:	https://skillbarter-ropl.onrender.com/api/notifications/55
]]></system-out>
    <system-err><![CDATA[SLF4J: Failed to load class "org.slf4j.impl.StaticLoggerBinder".
SLF4J: Defaulting to no-operation (NOP) logger implementation
SLF4J: See http://www.slf4j.org/codes.html#StaticLoggerBinder for further details.
]]></system-err>
  </testcase>
  <testcase name="deleteNotification_nonExistentId_returns404" classname="com.cts.mfrp.skillbarter.tests.notifications.NotificationTests" time="2.335">
    <system-out><![CDATA[Request method:	DELETE
Request URI:	https://skillbarter-ropl.onrender.com/api/notifications/55
[WARN] DELETE /api/notifications/9999999 returned 500 — backend should return 404 for unknown ids.
]]></system-out>
  </testcase>
</testsuite>