<?xml version="1.0" encoding="UTF-8"?>
<testsuite xmlns:xsi="http://www.w3.org/2001/XMLSchema-instance" xsi:noNamespaceSchemaLocation="https://maven.apache.org/surefire/maven-surefire-plugin/xsd/surefire-test-report-3.0.xsd" version="3.0" name="com.cts.mfrp.skillbarter.tests.transactions.TransactionTests" time="6.449" tests="24" errors="0" skipped="23" failures="1">
  <properties>
[...]
</properties>
  <testcase name="seed" classname="com.cts.mfrp.skillbarter.tests.transactions.TransactionTests" time="6.172">
    <failure message="Bootstrap failed to seed: authToken registeredUserId sessionId transactionId. Check [Bootstrap] log lines above for the failing step." type="java.lang.IllegalStateException"><![CDATA[java.lang.IllegalStateException: Bootstrap failed to seed: authToken registeredUserId sessionId transactionId. Check [Bootstrap] log lines above for the failing step.
	at com.cts.mfrp.skillbarter.tests.transactions.TransactionTests.seed(TransactionTests.java:75)
	at java.base/jdk.internal.reflect.DirectMethodHandleAccessor.invoke(DirectMethodHandleAccessor.java:103)
	at java.base/java.lang.reflect.Method.invoke(Method.java:580)
	at org.testng.internal.invokers.MethodInvocationHelper.invokeMethod(MethodInvocationHelper.java:139)
	at org.testng.internal.invokers.MethodInvocationHelper.invokeMethodConsideringTimeout(MethodInvocationHelper.java:69)
	at org.testng.internal.invokers.ConfigInvoker.invokeConfigurationMethod(ConfigInvoker.java:393)
	at org.testng.internal.invokers.ConfigInvoker.invokeConfigurations(ConfigInvoker.java:326)
	at org.testng.internal.invokers.TestMethodWorker.invokeBeforeClassMethods(TestMethodWorker.java:180)
	at org.testng.internal.invokers.TestMethodWorker.run(TestMethodWorker.java:122)
	at java.base/java.util.ArrayList.forEach(ArrayList.java:1596)
	at org.testng.TestRunner.privateRun(TestRunner.java:819)
	at org.testng.TestRunner.run(TestRunner.java:619)
	at org.testng.SuiteRunner.runTest(SuiteRunner.java:443)
	at org.testng.SuiteRunner.runSequentially(SuiteRunner.java:437)
	at org.testng.SuiteRunner.privateRun(SuiteRunner.java:397)
	at org.testng.SuiteRunner.run(SuiteRunner.java:336)
	at org.testng.SuiteRunnerWorker.runSuite(SuiteRunnerWorker.java:52)
	at org.testng.SuiteRunnerWorker.run(SuiteRunnerWorker.java:95)
	at org.testng.TestNG.runSuitesSequentially(TestNG.java:1301)
	at org.testng.TestNG.runSuitesLocally(TestNG.java:1228)
	at org.testng.TestNG.runSuites(TestNG.java:1134)
	at org.testng.TestNG.run(TestNG.java:1101)
	at org.apache.maven.surefire.testng.TestNGExecutor.run(TestNGExecutor.java:155)
	at org.apache.maven.surefire.testng.TestNGDirectoryTestSuite.executeSingleClass(TestNGDirectoryTestSuite.java:102)
	at org.apache.maven.surefire.testng.TestNGDirectoryTestSuite.execute(TestNGDirectoryTestSuite.java:91)
	at org.apache.maven.surefire.testng.TestNGProvider.invoke(TestNGProvider.java:137)
	at org.apache.maven.surefire.booter.ForkedBooter.runSuitesInProcess(ForkedBooter.java:385)
	at org.apache.maven.surefire.booter.ForkedBooter.execute(ForkedBooter.java:162)
	at org.apache.maven.surefire.booter.ForkedBooter.run(ForkedBooter.java:507)
	at org.apache.maven.surefire.booter.ForkedBooter.main(ForkedBooter.java:495)
]]></failure>
    <system-out><![CDATA[[Bootstrap] ensureFirstUser: email=apitestuser@skillbarter.com baseUrl=https://skill-barter-wine-theta.vercel.app
[Bootstrap] loginAndStore: POST /api/auth/login (apitestuser@skillbarter.com) -> 405
[Bootstrap] loginAndStore: login non-200 body=
[Bootstrap] ensureFirstUser: first login failed, attempting register
[Bootstrap] register: POST /api/auth/register -> 405
[Bootstrap] loginAndStore: POST /api/auth/login (apitestuser@skillbarter.com) -> 405
[Bootstrap] loginAndStore: login non-200 body=
[Bootstrap] ensureFirstUser: token=NULL userId=null
[Bootstrap] ensureFirstUser: email=apitestuser@skillbarter.com baseUrl=https://skill-barter-wine-theta.vercel.app
[Bootstrap] loginAndStore: POST /api/auth/login (apitestuser@skillbarter.com) -> 405
[Bootstrap] loginAndStore: login non-200 body=
[Bootstrap] ensureFirstUser: first login failed, attempting register
[Bootstrap] register: POST /api/auth/register -> 405
[Bootstrap] loginAndStore: POST /api/auth/login (apitestuser@skillbarter.com) -> 405
[Bootstrap] loginAndStore: login non-200 body=
[Bootstrap] ensureFirstUser: token=NULL userId=null
[Bootstrap] ensureSecondUser: email=apitestuser2@skillbarter.com
[Bootstrap] loginAndStore: POST /api/auth/login (apitestuser2@skillbarter.com) -> 405
[Bootstrap] loginAndStore: login non-200 body=
[Bootstrap] ensureSecondUser: first login failed, attempting register
[Bootstrap] register: POST /api/auth/register -> 405
[Bootstrap] loginAndStore: POST /api/auth/login (apitestuser2@skillbarter.com) -> 405
[Bootstrap] loginAndStore: login non-200 body=
[Bootstrap] ensureSecondUser: token=NULL userId=null
[Bootstrap] ensureFirstUser: email=apitestuser@skillbarter.com baseUrl=https://skill-barter-wine-theta.vercel.app
[Bootstrap] loginAndStore: POST /api/auth/login (apitestuser@skillbarter.com) -> 405
[Bootstrap] loginAndStore: login non-200 body=
[Bootstrap] ensureFirstUser: first login failed, attempting register
[Bootstrap] register: POST /api/auth/register -> 405
[Bootstrap] loginAndStore: POST /api/auth/login (apitestuser@skillbarter.com) -> 405
[Bootstrap] loginAndStore: login non-200 body=
[Bootstrap] ensureFirstUser: token=NULL userId=null
[Bootstrap] ensureSkill: GET /api/skills -> 200
[Bootstrap] ensureSkill: skillId=null
[Bootstrap] ensureSession: skipping — skillId is null
[Bootstrap] ensureFirstUser: email=apitestuser@skillbarter.com baseUrl=https://skill-barter-wine-theta.vercel.app
[Bootstrap] loginAndStore: POST /api/auth/login (apitestuser@skillbarter.com) -> 405
[Bootstrap] loginAndStore: login non-200 body=
[Bootstrap] ensureFirstUser: first login failed, attempting register
[Bootstrap] register: POST /api/auth/register -> 405
[Bootstrap] loginAndStore: POST /api/auth/login (apitestuser@skillbarter.com) -> 405
[Bootstrap] loginAndStore: login non-200 body=
[Bootstrap] ensureFirstUser: token=NULL userId=null
[Bootstrap] ensureSecondUser: email=apitestuser2@skillbarter.com
[Bootstrap] loginAndStore: POST /api/auth/login (apitestuser2@skillbarter.com) -> 405
[Bootstrap] loginAndStore: login non-200 body=
[Bootstrap] ensureSecondUser: first login failed, attempting register
[Bootstrap] register: POST /api/auth/register -> 405
[Bootstrap] loginAndStore: POST /api/auth/login (apitestuser2@skillbarter.com) -> 405
[Bootstrap] loginAndStore: login non-200 body=
[Bootstrap] ensureSecondUser: token=NULL userId=null
[Bootstrap] ensureFirstUser: email=apitestuser@skillbarter.com baseUrl=https://skill-barter-wine-theta.vercel.app
[Bootstrap] loginAndStore: POST /api/auth/login (apitestuser@skillbarter.com) -> 405
[Bootstrap] loginAndStore: login non-200 body=
[Bootstrap] ensureFirstUser: first login failed, attempting register
[Bootstrap] register: POST /api/auth/register -> 405
[Bootstrap] loginAndStore: POST /api/auth/login (apitestuser@skillbarter.com) -> 405
[Bootstrap] loginAndStore: login non-200 body=
[Bootstrap] ensureFirstUser: token=NULL userId=null
[Bootstrap] ensureSkill: GET /api/skills -> 200
[Bootstrap] ensureSkill: skillId=null
[Bootstrap] ensureSession: skipping — skillId is null
[Bootstrap] ensureTransaction: skipping — sessionId is null
]]></system-out>
    <system-err><![CDATA[SLF4J: Failed to load class "org.slf4j.impl.StaticLoggerBinder".
SLF4J: Defaulting to no-operation (NOP) logger implementation
SLF4J: See http://www.slf4j.org/codes.html#StaticLoggerBinder for further details.
]]></system-err>
  </testcase>
  <testcase name="createTransaction_validPayload_returns201" classname="com.cts.mfrp.skillbarter.tests.transactions.TransactionTests" time="0.0">
    <skipped message="Bootstrap failed to seed: authToken registeredUserId sessionId transactionId. Check [Bootstrap] log lines above for the failing step."/>
  </testcase>
  <testcase name="createTransaction_missingAmount_returns400" classname="com.cts.mfrp.skillbarter.tests.transactions.TransactionTests" time="0.0">
    <skipped message="Bootstrap failed to seed: authToken registeredUserId sessionId transactionId. Check [Bootstrap] log lines above for the failing step."/>
  </testcase>
  <testcase name="createTransaction_invalidPaymentMethod_returns400" classname="com.cts.mfrp.skillbarter.tests.transactions.TransactionTests" time="0.0">
    <skipped message="Bootstrap failed to seed: authToken registeredUserId sessionId transactionId. Check [Bootstrap] log lines above for the failing step."/>
  </testcase>
  <testcase name="createTransaction_noAuth_returns401" classname="com.cts.mfrp.skillbarter.tests.transactions.TransactionTests" time="0.0">
    <skipped message="Bootstrap failed to seed: authToken registeredUserId sessionId transactionId. Check [Bootstrap] log lines above for the failing step."/>
  </testcase>
  <testcase name="getTransactionById_existingId_returns200" classname="com.cts.mfrp.skillbarter.tests.transactions.TransactionTests" time="0.0">
    <skipped message="Bootstrap failed to seed: authToken registeredUserId sessionId transactionId. Check [Bootstrap] log lines above for the failing step."/>
  </testcase>
  <testcase name="getTransactionById_nonExistentId_returns404" classname="com.cts.mfrp.skillbarter.tests.transactions.TransactionTests" time="0.0">
    <skipped message="Bootstrap failed to seed: authToken registeredUserId sessionId transactionId. Check [Bootstrap] log lines above for the failing step."/>
  </testcase>
  <testcase name="getTransactionsByUser_validUser_returnsList" classname="com.cts.mfrp.skillbarter.tests.transactions.TransactionTests" time="0.0">
    <skipped message="Bootstrap failed to seed: authToken registeredUserId sessionId transactionId. Check [Bootstrap] log lines above for the failing step."/>
  </testcase>
  <testcase name="getTransactionsByUser_noTransactions_returnsEmptyList" classname="com.cts.mfrp.skillbarter.tests.transactions.TransactionTests" time="0.0">
    <skipped message="Bootstrap failed to seed: authToken registeredUserId sessionId transactionId. Check [Bootstrap] log lines above for the failing step."/>
  </testcase>
  <testcase name="getTransactionsBySession_validSession_returnsList" classname="com.cts.mfrp.skillbarter.tests.transactions.TransactionTests" time="0.0">
    <skipped message="Bootstrap failed to seed: authToken registeredUserId sessionId transactionId. Check [Bootstrap] log lines above for the failing step."/>
  </testcase>
  <testcase name="filterByStatus_success_returnsSuccessTransactions" classname="com.cts.mfrp.skillbarter.tests.transactions.TransactionTests" time="0.0">
    <skipped message="Bootstrap failed to seed: authToken registeredUserId sessionId transactionId. Check [Bootstrap] log lines above for the failing step."/>
  </testcase>
  <testcase name="filterByStatus_pending_returnsPendingTransactions" classname="com.cts.mfrp.skillbarter.tests.transactions.TransactionTests" time="0.0">
    <skipped message="Bootstrap failed to seed: authToken registeredUserId sessionId transactionId. Check [Bootstrap] log lines above for the failing step."/>
  </testcase>
  <testcase name="filterByStatus_failure_returnsFailedTransactions" classname="com.cts.mfrp.skillbarter.tests.transactions.TransactionTests" time="0.0">
    <skipped message="Bootstrap failed to seed: authToken registeredUserId sessionId transactionId. Check [Bootstrap] log lines above for the failing step."/>
  </testcase>
  <testcase name="filterByStatus_invalidValue_returns400" classname="com.cts.mfrp.skillbarter.tests.transactions.TransactionTests" time="0.0">
    <skipped message="Bootstrap failed to seed: authToken registeredUserId sessionId transactionId. Check [Bootstrap] log lines above for the failing step."/>
  </testcase>
  <testcase name="filterUserTransactionsByStatus_validParams_returnsList" classname="com.cts.mfrp.skillbarter.tests.transactions.TransactionTests" time="0.0">
    <skipped message="Bootstrap failed to seed: authToken registeredUserId sessionId transactionId. Check [Bootstrap] log lines above for the failing step."/>
  </testcase>
  <testcase name="filterByMethod_upi_returnsUpiTransactions" classname="com.cts.mfrp.skillbarter.tests.transactions.TransactionTests" time="0.0">
    <skipped message="Bootstrap failed to seed: authToken registeredUserId sessionId transactionId. Check [Bootstrap] log lines above for the failing step."/>
  </testcase>
  <testcase name="filterByMethod_card_returnsCardTransactions" classname="com.cts.mfrp.skillbarter.tests.transactions.TransactionTests" time="0.0">
    <skipped message="Bootstrap failed to seed: authToken registeredUserId sessionId transactionId. Check [Bootstrap] log lines above for the failing step."/>
  </testcase>
  <testcase name="filterByMethod_invalidMethod_returns400" classname="com.cts.mfrp.skillbarter.tests.transactions.TransactionTests" time="0.0">
    <skipped message="Bootstrap failed to seed: authToken registeredUserId sessionId transactionId. Check [Bootstrap] log lines above for the failing step."/>
  </testcase>
  <testcase name="getTotalByUser_validUser_returnsSuccessfulTotal" classname="com.cts.mfrp.skillbarter.tests.transactions.TransactionTests" time="0.0">
    <skipped message="Bootstrap failed to seed: authToken registeredUserId sessionId transactionId. Check [Bootstrap] log lines above for the failing step."/>
  </testcase>
  <testcase name="getTotalByUser_noTransactions_returnsZero" classname="com.cts.mfrp.skillbarter.tests.transactions.TransactionTests" time="0.0">
    <skipped message="Bootstrap failed to seed: authToken registeredUserId sessionId transactionId. Check [Bootstrap] log lines above for the failing step."/>
  </testcase>
  <testcase name="updateTransactionStatus_validStatus_returns200" classname="com.cts.mfrp.skillbarter.tests.transactions.TransactionTests" time="0.0">
    <skipped message="Bootstrap failed to seed: authToken registeredUserId sessionId transactionId. Check [Bootstrap] log lines above for the failing step."/>
  </testcase>
  <testcase name="updateTransactionStatus_invalidValue_returns400" classname="com.cts.mfrp.skillbarter.tests.transactions.TransactionTests" time="0.0">
    <skipped message="Bootstrap failed to seed: authToken registeredUserId sessionId transactionId. Check [Bootstrap] log lines above for the failing step."/>
  </testcase>
  <testcase name="deleteTransaction_existingId_returns200Or204" classname="com.cts.mfrp.skillbarter.tests.transactions.TransactionTests" time="0.0">
    <skipped message="Bootstrap failed to seed: authToken registeredUserId sessionId transactionId. Check [Bootstrap] log lines above for the failing step."/>
  </testcase>
  <testcase name="deleteTransaction_nonExistentId_returns404" classname="com.cts.mfrp.skillbarter.tests.transactions.TransactionTests" time="0.0">
    <skipped message="Bootstrap failed to seed: authToken registeredUserId sessionId transactionId. Check [Bootstrap] log lines above for the failing step."/>
  </testcase>
</testsuite>