<?xml version="1.0" encoding="UTF-8"?>
<testng-results ignored="0" total="1" passed="1" failed="0" skipped="0">
  <reporter-output>
  </reporter-output>
  <suite started-at="2026-05-18T14:49:28 IST" name="Surefire suite" finished-at="2026-05-18T14:49:48 IST" duration-ms="19380">
    <groups>
      <group name="reviews">
        <method signature="ReviewTests.submitReview_validPayload_returns201()[pri:1, instance:com.cts.mfrp.skillbarter.tests.reviews.ReviewTests@4b79ac84]" name="submitReview_validPayload_returns201" class="com.cts.mfrp.skillbarter.tests.reviews.ReviewTests"/>
      </group> <!-- reviews -->
      <group name="regression">
        <method signature="ReviewTests.submitReview_validPayload_returns201()[pri:1, instance:com.cts.mfrp.skillbarter.tests.reviews.ReviewTests@4b79ac84]" name="submitReview_validPayload_returns201" class="com.cts.mfrp.skillbarter.tests.reviews.ReviewTests"/>
      </group> <!-- regression -->
      <group name="smoke">
        <method signature="ReviewTests.submitReview_validPayload_returns201()[pri:1, instance:com.cts.mfrp.skillbarter.tests.reviews.ReviewTests@4b79ac84]" name="submitReview_validPayload_returns201" class="com.cts.mfrp.skillbarter.tests.reviews.ReviewTests"/>
      </group> <!-- smoke -->
    </groups>
    <test started-at="2026-05-18T14:49:28 IST" name="Surefire test" finished-at="2026-05-18T14:49:48 IST" duration-ms="19380">
      <class name="com.cts.mfrp.skillbarter.tests.reviews.ReviewTests">
        <test-method is-config="true" signature="initSpec()[pri:0, instance:com.cts.mfrp.skillbarter.tests.reviews.ReviewTests@4b79ac84]" started-at="2026-05-18T14:49:28 IST" name="initSpec" finished-at="2026-05-18T14:49:28 IST" duration-ms="592" status="PASS">
          <reporter-output>
          </reporter-output>
        </test-method> <!-- initSpec -->
        <test-method is-config="true" signature="seed()[pri:0, instance:com.cts.mfrp.skillbarter.tests.reviews.ReviewTests@4b79ac84]" started-at="2026-05-18T14:49:29 IST" name="seed" finished-at="2026-05-18T14:49:47 IST" duration-ms="18412" status="PASS">
          <reporter-output>
          </reporter-output>
        </test-method> <!-- seed -->
        <test-method signature="submitReview_validPayload_returns201()[pri:1, instance:com.cts.mfrp.skillbarter.tests.reviews.ReviewTests@4b79ac84]" started-at="2026-05-18T14:49:47 IST" name="submitReview_validPayload_returns201" description="POST /api/reviews with valid payload returns 201 and review object" finished-at="2026-05-18T14:49:48 IST" duration-ms="923" status="PASS">
          <reporter-output>
          </reporter-output>
        </test-method> <!-- submitReview_validPayload_returns201 -->
      </class> <!-- com.cts.mfrp.skillbarter.tests.reviews.ReviewTests -->
    </test> <!-- Surefire test -->
  </suite> <!-- Surefire suite -->
</testng-results>
