<?xml version="1.0" encoding="UTF-8"?>
<!-- Generated by org.testng.reporters.JUnitXMLReporter -->
<testsuite ignored="8" hostname="LTIN719192" failures="1" tests="3" name="Surefire test" time="199.906" errors="0" timestamp="2026-05-15T10:05:23 IST">
  <testcase classname="com.cts.mfrp.skillbarter.tests.MatchesTest" name="tc058b_searchNoResultsShowsMessage" time="41.937">
    <skipped/>
  </testcase> <!-- tc058b_searchNoResultsShowsMessage -->
  <testcase classname="com.cts.mfrp.skillbarter.tests.MatchesTest" name="tc058b_searchNoResultsShowsMessage" time="43.791">
    <skipped/>
  </testcase> <!-- tc058b_searchNoResultsShowsMessage -->
  <testcase classname="com.cts.mfrp.skillbarter.tests.MatchesTest" name="tc058b_searchNoResultsShowsMessage" time="40.835">
    <failure type="java.lang.AssertionError" message="Search for &amp;apos;zzzznouser1778819710813&amp;apos; should produce no matching cards expected [0] but found [48]">
      <![CDATA[java.lang.AssertionError: Search for 'zzzznouser1778819710813' should produce no matching cards expected [0] but found [48]
at com.cts.mfrp.skillbarter.tests.MatchesTest.tc058b_searchNoResultsShowsMessage(MatchesTest.java:240)
at java.base/java.util.ArrayList.forEach(ArrayList.java:1596)
... Removed 36 stack frames]]>
    </failure>
  </testcase> <!-- tc058b_searchNoResultsShowsMessage -->
  <testcase classname="com.cts.mfrp.skillbarter.tests.MatchesTest" name="tc056b_findNewMatchesShowsCards" time="0.0">
    <ignored/>
  </testcase> <!-- tc056b_findNewMatchesShowsCards -->
  <testcase classname="com.cts.mfrp.skillbarter.tests.MatchesTest" name="tc056_findNewMatchesTabIsVisible" time="0.0">
    <ignored/>
  </testcase> <!-- tc056_findNewMatchesTabIsVisible -->
  <testcase classname="com.cts.mfrp.skillbarter.tests.MatchesTest" name="tc060b_connectReflectsInMyMatchesAndDisablesConnect" time="0.0">
    <ignored/>
  </testcase> <!-- tc060b_connectReflectsInMyMatchesAndDisablesConnect -->
  <testcase classname="com.cts.mfrp.skillbarter.tests.MatchesTest" name="tc060_connectButtonSendsRequest" time="0.0">
    <ignored/>
  </testcase> <!-- tc060_connectButtonSendsRequest -->
  <testcase classname="com.cts.mfrp.skillbarter.tests.MatchesTest" name="tc058_searchFiltersByTerm" time="0.0">
    <ignored/>
  </testcase> <!-- tc058_searchFiltersByTerm -->
  <testcase classname="com.cts.mfrp.skillbarter.tests.MatchesTest" name="tc057_myMatchesList" time="0.0">
    <ignored/>
  </testcase> <!-- tc057_myMatchesList -->
  <testcase classname="com.cts.mfrp.skillbarter.tests.MatchesTest" name="tc056c_eachCardHasRequiredFields" time="0.0">
    <ignored/>
  </testcase> <!-- tc056c_eachCardHasRequiredFields -->
  <testcase classname="com.cts.mfrp.skillbarter.tests.MatchesTest" name="tc057b_myMatchesEmptyStateShowsMessage" time="0.0">
    <ignored/>
  </testcase> <!-- tc057b_myMatchesEmptyStateShowsMessage -->
</testsuite> <!-- Surefire test -->
