<?xml version="1.0" encoding="UTF-8"?>
<!-- Generated by org.testng.reporters.JUnitXMLReporter -->
<testsuite ignored="0" hostname="LTIN719773" failures="0" tests="7" name="Surefire test" time="65.367" errors="0" timestamp="2026-05-15T09:35:45 IST">
  <testcase classname="com.cts.mfrp.skillbarter.tests.HomePageTest" name="tc001_verifyTopNavigationLinks" time="1.218"/>
  <testcase classname="com.cts.mfrp.skillbarter.tests.HomePageTest" name="tc002_verifyHeroSection" time="2.326"/>
  <testcase classname="com.cts.mfrp.skillbarter.tests.HomePageTest" name="tc003_verifyPreviewCards" time="0.576"/>
  <testcase classname="com.cts.mfrp.skillbarter.tests.HomePageTest" name="tc004_verifyFeatureHighlights" time="1.244"/>
  <testcase classname="com.cts.mfrp.skillbarter.tests.HomePageTest" name="tc005_verifyAboutAndCtaSections" time="2.07"/>
  <testcase classname="com.cts.mfrp.skillbarter.tests.HomePageTest" name="tc006_verifyChatbotAndDarkMode" time="0.699"/>
  <testcase classname="com.cts.mfrp.skillbarter.tests.HomePageTest" name="tc007_verifyFooterSection" time="0.343"/>
</testsuite> <!-- Surefire test -->
