<?xml version="1.0" encoding="UTF-8"?>
<!-- Generated by org.testng.reporters.JUnitXMLReporter -->
<testsuite ignored="0" hostname="LTIN719773" failures="0" tests="14" name="Surefire test" time="66.98" errors="0" timestamp="2026-05-19T15:27:17 IST">
  <testcase classname="com.cts.mfrp.skillbarter.tests.skills.SkillTests" name="getAllSkills_withAuth_returns200AndList" time="2.799"/>
  <testcase classname="com.cts.mfrp.skillbarter.tests.skills.SkillTests" name="getAllSkills_noAuth_returns401" time="2.73"/>
  <testcase classname="com.cts.mfrp.skillbarter.tests.skills.SkillTests" name="searchSkills_validQuery_returnsMatches" time="1.079"/>
  <testcase classname="com.cts.mfrp.skillbarter.tests.skills.SkillTests" name="searchSkills_noMatch_returnsEmptyList" time="1.079"/>
  <testcase classname="com.cts.mfrp.skillbarter.tests.skills.SkillTests" name="searchSkills_missingQueryParam_returns400" time="0.788"/>
  <testcase classname="com.cts.mfrp.skillbarter.tests.skills.SkillTests" name="getSkillsByCategory_validId_returnsSkills" time="1.311"/>
  <testcase classname="com.cts.mfrp.skillbarter.tests.skills.SkillTests" name="getSkillsByCategory_unknownId_returnsEmptyOrNotFound" time="1.026"/>
  <testcase classname="com.cts.mfrp.skillbarter.tests.skills.SkillTests" name="addUserSkill_teachFlag_returns201" time="21.311"/>
  <testcase classname="com.cts.mfrp.skillbarter.tests.skills.SkillTests" name="addUserSkill_learnFlag_returns201" time="18.114"/>
  <testcase classname="com.cts.mfrp.skillbarter.tests.skills.SkillTests" name="addUserSkill_duplicate_returns4xx" time="1.636">
    <skipped/>
  </testcase> <!-- addUserSkill_duplicate_returns4xx -->
  <testcase classname="com.cts.mfrp.skillbarter.tests.skills.SkillTests" name="addUserSkill_missingUserId_returns400" time="3.054"/>
  <testcase classname="com.cts.mfrp.skillbarter.tests.skills.SkillTests" name="addUserSkill_noAuth_returns401" time="0.643"/>
  <testcase classname="com.cts.mfrp.skillbarter.tests.skills.SkillTests" name="getUserSkills_existingUser_returnsList" time="1.031"/>
  <testcase classname="com.cts.mfrp.skillbarter.tests.skills.SkillTests" name="getUserSkills_noSkills_returnsEmptyList" time="1.064"/>
</testsuite> <!-- Surefire test -->
